  Destinacija.cpp
  main.cpp
C:\Users\Sinanudin\Documents\GitHub\Travel.agency\Project\main.cpp(27,4): error C2065: 'a': undeclared identifier
C:\Users\Sinanudin\Documents\GitHub\Travel.agency\Project\main.cpp(30,4): error C2065: 'a': undeclared identifier
C:\Users\Sinanudin\Documents\GitHub\Travel.agency\Project\main.cpp(69,5): error C2065: 'd': undeclared identifier
C:\Users\Sinanudin\Documents\GitHub\Travel.agency\Project\main.cpp(75,18): error C2065: 'a': undeclared identifier
C:\Users\Sinanudin\Documents\GitHub\Travel.agency\Project\main.cpp(82,5): error C2065: 'a': undeclared identifier
C:\Users\Sinanudin\Documents\GitHub\Travel.agency\Project\main.cpp(118,5): error C2065: 'd': undeclared identifier
C:\Users\Sinanudin\Documents\GitHub\Travel.agency\Project\main.cpp(124,18): error C2065: 'a': undeclared identifier
C:\Users\Sinanudin\Documents\GitHub\Travel.agency\Project\main.cpp(130,5): error C2065: 'd': undeclared identifier
C:\Users\Sinanudin\Documents\GitHub\Travel.agency\Project\main.cpp(138,2): error C2059: syntax error: '}'
C:\Users\Sinanudin\Documents\GitHub\Travel.agency\Project\main.cpp(138,4): error C2059: syntax error: 'while'
C:\Users\Sinanudin\Documents\GitHub\Travel.agency\Project\main.cpp(139,10): error C3927: '->': trailing return type is not allowed after a non-function declarator
C:\Users\Sinanudin\Documents\GitHub\Travel.agency\Project\main.cpp(139,10): error C3484: syntax error: expected '->' before the return type
C:\Users\Sinanudin\Documents\GitHub\Travel.agency\Project\main.cpp(139,11): error C3613: missing return type after '->' ('int' assumed)
C:\Users\Sinanudin\Documents\GitHub\Travel.agency\Project\main.cpp(139,17): error C4430: missing type specifier - int assumed. Note: C++ does not support default-int
C:\Users\Sinanudin\Documents\GitHub\Travel.agency\Project\main.cpp(139,7): error C2371: 'std::cin': redefinition; different basic types
C:\Program Files (x86)\Microsoft Visual Studio\2019\Community\VC\Tools\MSVC\14.29.30133\include\iostream(40): message : see declaration of 'std::cin'
C:\Users\Sinanudin\Documents\GitHub\Travel.agency\Project\main.cpp(139,11): error C2146: syntax error: missing ';' before identifier 'ignore'
C:\Users\Sinanudin\Documents\GitHub\Travel.agency\Project\main.cpp(140,2): error C2059: syntax error: 'return'
C:\Users\Sinanudin\Documents\GitHub\Travel.agency\Project\main.cpp(141,1): error C2059: syntax error: '}'
C:\Users\Sinanudin\Documents\GitHub\Travel.agency\Project\main.cpp(141,1): error C2143: syntax error: missing ';' before '}'
C:\Users\Sinanudin\Documents\GitHub\Travel.agency\Project\main.cpp(144,1): error C2143: syntax error: missing ';' before '{'
C:\Users\Sinanudin\Documents\GitHub\Travel.agency\Project\main.cpp(144,1): error C2447: '{': missing function header (old-style formal list?)
  Putnik.cpp
  Generating Code...
C:\Users\Sinanudin\Documents\GitHub\Travel.agency\Project\Destinacija.cpp(608): warning C4715: 'Destinacija::getStatusString': not all control paths return a value
